Flow report for Project
Mon Jun 27 13:46:06 2022
Quartus Prime Version 18.1.0 Build 625 09/12/2018 SJ Lite Edition


---------------------
; Table of Contents ;
---------------------
  1. Legal Notice
  2. Flow Summary
  3. Flow Settings
  4. Flow Non-Default Global Settings
  5. Flow Elapsed Time
  6. Flow OS Summary
  7. Flow Log
  8. Flow Messages
  9. Flow Suppressed Messages



----------------
; Legal Notice ;
----------------
Copyright (C) 2018  Intel Corporation. All rights reserved.
Your use of Intel Corporation's design tools, logic functions 
and other software and tools, and its AMPP partner logic 
functions, and any output files from any of the foregoing 
(including device programming or simulation files), and any 
associated documentation or information are expressly subject 
to the terms and conditions of the Intel Program License 
Subscription Agreement, the Intel Quartus Prime License Agreement,
the Intel FPGA IP License Agreement, or other applicable license
agreement, including, without limitation, that your use is for
the sole purpose of programming logic devices manufactured by
Intel and sold by Intel or its authorized distributors.  Please
refer to the applicable agreement for further details.



+-------------------------------------------------------------------------------+
; Flow Summary                                                                  ;
+---------------------------------+---------------------------------------------+
; Flow Status                     ; Successful - Mon Jun 27 13:45:59 2022       ;
; Quartus Prime Version           ; 18.1.0 Build 625 09/12/2018 SJ Lite Edition ;
; Revision Name                   ; Project                                     ;
; Top-level Entity Name           ; ALL_LEDs_flashing                           ;
; Family                          ; Cyclone V                                   ;
; Device                          ; 5CGXFC5C6F27C7                              ;
; Timing Models                   ; Final                                       ;
; Logic utilization (in ALMs)     ; 13 / 29,080 ( < 1 % )                       ;
; Total registers                 ; 26                                          ;
; Total pins                      ; 37 / 364 ( 10 % )                           ;
; Total virtual pins              ; 0                                           ;
; Total block memory bits         ; 0 / 4,567,040 ( 0 % )                       ;
; Total DSP Blocks                ; 0 / 150 ( 0 % )                             ;
; Total HSSI RX PCSs              ; 0 / 6 ( 0 % )                               ;
; Total HSSI PMA RX Deserializers ; 0 / 6 ( 0 % )                               ;
; Total HSSI TX PCSs              ; 0 / 6 ( 0 % )                               ;
; Total HSSI PMA TX Serializers   ; 0 / 6 ( 0 % )                               ;
; Total PLLs                      ; 0 / 12 ( 0 % )                              ;
; Total DLLs                      ; 0 / 4 ( 0 % )                               ;
+---------------------------------+---------------------------------------------+


+-----------------------------------------+
; Flow Settings                           ;
+-------------------+---------------------+
; Option            ; Setting             ;
+-------------------+---------------------+
; Start date & time ; 06/27/2022 13:45:14 ;
; Main task         ; Compilation         ;
; Revision Name     ; Project             ;
+-------------------+---------------------+


+-------------------------------------------------------------------------------------------------------------------------------+
; Flow Non-Default Global Settings                                                                                              ;
+-------------------------------------+----------------------------------------+---------------+-------------------+------------+
; Assignment Name                     ; Value                                  ; Default Value ; Entity Name       ; Section Id ;
+-------------------------------------+----------------------------------------+---------------+-------------------+------------+
; COMPILER_SIGNATURE_ID               ; 1098534511280.165635191420984          ; --            ; --                ; --         ;
; FITTER_EFFORT                       ; Standard Fit                           ; Auto Fit      ; --                ; --         ;
; MAX_CORE_JUNCTION_TEMP              ; 85                                     ; --            ; --                ; --         ;
; MIN_CORE_JUNCTION_TEMP              ; 0                                      ; --            ; --                ; --         ;
; OUTPUT_IO_TIMING_FAR_END_VMEAS      ; Half Signal Swing                      ; --            ; --                ; --         ;
; OUTPUT_IO_TIMING_FAR_END_VMEAS      ; Half Signal Swing                      ; --            ; --                ; --         ;
; OUTPUT_IO_TIMING_NEAR_END_VMEAS     ; Half Vccio                             ; --            ; --                ; --         ;
; OUTPUT_IO_TIMING_NEAR_END_VMEAS     ; Half Vccio                             ; --            ; --                ; --         ;
; PARTITION_COLOR                     ; -- (Not supported for targeted family) ; --            ; ALL_LEDs_flashing ; Top        ;
; PARTITION_COLOR                     ; -- (Not supported for targeted family) ; --            ; C5G_Default       ; Top        ;
; PARTITION_FITTER_PRESERVATION_LEVEL ; -- (Not supported for targeted family) ; --            ; ALL_LEDs_flashing ; Top        ;
; PARTITION_FITTER_PRESERVATION_LEVEL ; -- (Not supported for targeted family) ; --            ; C5G_Default       ; Top        ;
; PARTITION_NETLIST_TYPE              ; -- (Not supported for targeted family) ; --            ; ALL_LEDs_flashing ; Top        ;
; PARTITION_NETLIST_TYPE              ; -- (Not supported for targeted family) ; --            ; C5G_Default       ; Top        ;
; POWER_BOARD_THERMAL_MODEL           ; None (CONSERVATIVE)                    ; --            ; --                ; --         ;
; POWER_PRESET_COOLING_SOLUTION       ; 23 MM HEAT SINK WITH 200 LFPM AIRFLOW  ; --            ; --                ; --         ;
; PROJECT_OUTPUT_DIRECTORY            ; output_files                           ; --            ; --                ; --         ;
; TOP_LEVEL_ENTITY                    ; ALL_LEDs_flashing                      ; Project       ; --                ; --         ;
+-------------------------------------+----------------------------------------+---------------+-------------------+------------+


+--------------------------------------------------------------------------------------------------------------------------+
; Flow Elapsed Time                                                                                                        ;
+----------------------+--------------+-------------------------+---------------------+------------------------------------+
; Module Name          ; Elapsed Time ; Average Processors Used ; Peak Virtual Memory ; Total CPU Time (on all processors) ;
+----------------------+--------------+-------------------------+---------------------+------------------------------------+
; Analysis & Synthesis ; 00:00:11     ; 1.0                     ; 4852 MB             ; 00:00:22                           ;
; Fitter               ; 00:00:23     ; 1.0                     ; 6409 MB             ; 00:00:36                           ;
; Assembler            ; 00:00:08     ; 1.0                     ; 4824 MB             ; 00:00:08                           ;
; Timing Analyzer      ; 00:00:06     ; 1.0                     ; 5132 MB             ; 00:00:06                           ;
; Total                ; 00:00:48     ; --                      ; --                  ; 00:01:12                           ;
+----------------------+--------------+-------------------------+---------------------+------------------------------------+


+------------------------------------------------------------------------------------+
; Flow OS Summary                                                                    ;
+----------------------+------------------+------------+------------+----------------+
; Module Name          ; Machine Hostname ; OS Name    ; OS Version ; Processor type ;
+----------------------+------------------+------------+------------+----------------+
; Analysis & Synthesis ; DESKTOP-6DFLQFV  ; Windows 10 ; 10.0       ; x86_64         ;
; Fitter               ; DESKTOP-6DFLQFV  ; Windows 10 ; 10.0       ; x86_64         ;
; Assembler            ; DESKTOP-6DFLQFV  ; Windows 10 ; 10.0       ; x86_64         ;
; Timing Analyzer      ; DESKTOP-6DFLQFV  ; Windows 10 ; 10.0       ; x86_64         ;
+----------------------+------------------+------------+------------+----------------+


------------
; Flow Log ;
------------
quartus_map --read_settings_files=on --write_settings_files=off Project -c Project
quartus_fit --read_settings_files=off --write_settings_files=off Project -c Project
quartus_asm --read_settings_files=off --write_settings_files=off Project -c Project
quartus_sta Project -c Project



